<?xml version="1.0" encoding="utf-8"?>
<test-run id="2" testcasecount="38" result="Passed" total="38" passed="38" failed="0" inconclusive="0" skipped="0" asserts="0" engine-version="3.5.0.0" clr-version="4.0.30319.42000" start-time="2026-09-15 14:29:05Z" end-time="2026-09-15 14:30:29Z" duration="83.8951342">
  <test-suite type="TestSuite" id="1059" name="CatGirlfriend" fullname="CatGirlfriend" runstate="Runnable" testcasecount="38" result="Passed" start-time="2026-09-15 14:29:05Z" end-time="2026-09-15 14:30:29Z" duration="83.895134" total="38" passed="38" failed="0" inconclusive="0" skipped="0" asserts="0">
    <properties>
      <property name="platform" value="PlayMode" />
    </properties>
    <test-suite type="Assembly" id="1053" name="AiPeople.Tests.PlayMode.dll" fullname="D:/AIPeopleGit/UnityClient/AiGirlFriendUnity/Library/ScriptAssemblies/AiPeople.Tests.PlayMode.dll" runstate="Runnable" testcasecount="38" result="Passed" start-time="2026-09-15 14:29:05Z" end-time="2026-09-15 14:30:29Z" duration="83.890096" total="38" passed="38" failed="0" inconclusive="0" skipped="0" asserts="0">
      <properties>
        <property name="_PID" value="50580" />
        <property name="_APPDOMAIN" value="Unity Child Domain" />
        <property name="platform" value="PlayMode" />
        <property name="EditorOnly" value="False" />
      </properties>
      <test-suite type="TestSuite" id="1054" name="AiPeople" fullname="AiPeople" runstate="Runnable" testcasecount="38" result="Passed" start-time="2026-09-15 14:29:05Z" end-time="2026-09-15 14:30:29Z" duration="83.889758" total="38" passed="38" failed="0" inconclusive="0" skipped="0" asserts="0">
        <properties />
        <test-suite type="TestSuite" id="1055" name="Tests" fullname="AiPeople.Tests" runstate="Runnable" testcasecount="38" result="Passed" start-time="2026-09-15 14:29:05Z" end-time="2026-09-15 14:30:29Z" duration="83.889497" total="38" passed="38" failed="0" inconclusive="0" skipped="0" asserts="0">
          <properties />
          <test-suite type="TestFixture" id="1001" name="AiPeopleBootTests" fullname="AiPeople.Tests.AiPeopleBootTests" classname="AiPeople.Tests.AiPeopleBootTests" runstate="Runnable" testcasecount="1" result="Passed" start-time="2026-09-15 14:29:05Z" end-time="2026-09-15 14:29:05Z" duration="0.269531" total="1" passed="1" failed="0" inconclusive="0" skipped="0" asserts="0">
            <properties />
            <test-case id="1002" name="Bootstrap_Creates_World_Player_And_Ui" fullname="AiPeople.Tests.AiPeopleBootTests.Bootstrap_Creates_World_Player_And_Ui" methodname="Bootstrap_Creates_World_Player_And_Ui" classname="AiPeople.Tests.AiPeopleBootTests" runstate="Runnable" seed="47827199" result="Passed" start-time="2026-09-15 14:29:05Z" end-time="2026-09-15 14:29:05Z" duration="0.261997" asserts="0">
              <properties>
                <property name="_JOINTYPE" value="UnityCombinatorial" />
                <property name="retryIteration" value="0" />
                <property name="repeatIteration" value="0" />
              </properties>
              <output><![CDATA[[AiPeople] Editor：开发模式（第一人称 + 完整对话面板；壁纸层需构建版验证）
]]></output>
            </test-case>
          </test-suite>
          <test-suite type="TestFixture" id="1003" name="ApartmentCalibrationTests" fullname="AiPeople.Tests.ApartmentCalibrationTests" classname="AiPeople.Tests.ApartmentCalibrationTests" runstate="Runnable" testcasecount="3" result="Passed" start-time="2026-09-15 14:29:05Z" end-time="2026-09-15 14:29:07Z" duration="1.404250" total="3" passed="3" failed="0" inconclusive="0" skipped="0" asserts="0">
            <properties />
            <test-case id="1005" name="Box_SeatedAndStandingViews_ReachActualEntrance_WithDoorsOpenAndClosed" fullname="AiPeople.Tests.ApartmentCalibrationTests.Box_SeatedAndStandingViews_ReachActualEntrance_WithDoorsOpenAndClosed" methodname="Box_SeatedAndStandingViews_ReachActualEntrance_WithDoorsOpenAndClosed" classname="AiPeople.Tests.ApartmentCalibrationTests" runstate="Runnable" seed="934468459" result="Passed" start-time="2026-09-15 14:29:05Z" end-time="2026-09-15 14:29:06Z" duration="0.800114" asserts="0">
              <properties>
                <property name="_JOINTYPE" value="UnityCombinatorial" />
                <property name="retryIteration" value="0" />
                <property name="repeatIteration" value="0" />
              </properties>
              <output><![CDATA[Runtime furniture prefab loaded: SofaV2
Runtime furniture prefab loaded: StoolV2
Cannot combine mesh that does not allow access: tripo_node_07f62661
Cannot combine mesh that does not allow access: tripo_node_8d828bc1
]]></output>
            </test-case>
            <test-case id="1004" name="CalibratedHouse_HasHumanSizedDoors_HeadLevelCollision_AndMetreSizedRail" fullname="AiPeople.Tests.ApartmentCalibrationTests.CalibratedHouse_HasHumanSizedDoors_HeadLevelCollision_AndMetreSizedRail" methodname="CalibratedHouse_HasHumanSizedDoors_HeadLevelCollision_AndMetreSizedRail" classname="AiPeople.Tests.ApartmentCalibrationTests" runstate="Runnable" seed="1982935955" result="Passed" start-time="2026-09-15 14:29:06Z" end-time="2026-09-15 14:29:06Z" duration="0.066539" asserts="0">
              <properties>
                <property name="retryIteration" value="0" />
                <property name="repeatIteration" value="0" />
              </properties>
              <output><![CDATA[Runtime furniture prefab loaded: SofaV2
Runtime furniture prefab loaded: StoolV2
Cannot combine mesh that does not allow access: tripo_node_07f62661
Cannot combine mesh that does not allow access: tripo_node_8d828bc1
]]></output>
            </test-case>
            <test-case id="1006" name="WallpaperCamera_FramesActualCharacter_AndAdaptsToDesktopAspects" fullname="AiPeople.Tests.ApartmentCalibrationTests.WallpaperCamera_FramesActualCharacter_AndAdaptsToDesktopAspects" methodname="WallpaperCamera_FramesActualCharacter_AndAdaptsToDesktopAspects" classname="AiPeople.Tests.ApartmentCalibrationTests" runstate="Runnable" seed="365889948" result="Passed" start-time="2026-09-15 14:29:06Z" end-time="2026-09-15 14:29:07Z" duration="0.508803" asserts="0">
              <properties>
                <property name="_JOINTYPE" value="UnityCombinatorial" />
                <property name="retryIteration" value="0" />
                <property name="repeatIteration" value="0" />
              </properties>
              <output><![CDATA[Runtime furniture prefab loaded: SofaV2
Runtime furniture prefab loaded: StoolV2
Cannot combine mesh that does not allow access: tripo_node_07f62661
Cannot combine mesh that does not allow access: tripo_node_8d828bc1
]]></output>
            </test-case>
          </test-suite>
          <test-suite type="TestFixture" id="1007" name="ApartmentDoorTests" fullname="AiPeople.Tests.ApartmentDoorTests" classname="AiPeople.Tests.ApartmentDoorTests" runstate="Runnable" testcasecount="3" result="Passed" start-time="2026-09-15 14:29:07Z" end-time="2026-09-15 14:29:31Z" duration="23.866591" total="3" passed="3" failed="0" inconclusive="0" skipped="0" asserts="0">
            <properties />
            <test-case id="1008" name="EveryDoor_ClosesPhysically_BlocksNavigation_AndReopensRepeatedly" fullname="AiPeople.Tests.ApartmentDoorTests.EveryDoor_ClosesPhysically_BlocksNavigation_AndReopensRepeatedly" methodname="EveryDoor_ClosesPhysically_BlocksNavigation_AndReopensRepeatedly" classname="AiPeople.Tests.ApartmentDoorTests" runstate="Runnable" seed="1462482666" result="Passed" start-time="2026-09-15 14:29:07Z" end-time="2026-09-15 14:29:25Z" duration="18.133244" asserts="0">
              <properties>
                <property name="_JOINTYPE" value="UnityCombinatorial" />
                <property name="retryIteration" value="0" />
                <property name="repeatIteration" value="0" />
              </properties>
              <output><![CDATA[Runtime furniture prefab loaded: SofaV2
Runtime furniture prefab loaded: StoolV2
Cannot combine mesh that does not allow access: tripo_node_07f62661
Cannot combine mesh that does not allow access: tripo_node_8d828bc1
DOOR_CYCLE_OK KitchenDoor
DOOR_CYCLE_OK MasterDoor
DOOR_CYCLE_OK SecondaryDoor
DOOR_CYCLE_OK BathroomDoor
DOOR_CYCLE_OK HallDoor
DOOR_CYCLE_OK BalconyPanel
]]></output>
            </test-case>
            <test-case id="1010" name="Heroine_WaitsForClosedDoor_AndResumesAfterOpening" fullname="AiPeople.Tests.ApartmentDoorTests.Heroine_WaitsForClosedDoor_AndResumesAfterOpening" methodname="Heroine_WaitsForClosedDoor_AndResumesAfterOpening" classname="AiPeople.Tests.ApartmentDoorTests" runstate="Runnable" seed="268688014" result="Passed" start-time="2026-09-15 14:29:25Z" end-time="2026-09-15 14:29:29Z" duration="3.899864" asserts="0">
              <properties>
                <property name="_JOINTYPE" value="UnityCombinatorial" />
                <property name="retryIteration" value="0" />
                <property name="repeatIteration" value="0" />
              </properties>
              <output><![CDATA[Runtime furniture prefab loaded: SofaV2
Runtime furniture prefab loaded: StoolV2
Cannot combine mesh that does not allow access: tripo_node_07f62661
Cannot combine mesh that does not allow access: tripo_node_8d828bc1
]]></output>
            </test-case>
            <test-case id="1009" name="OccupiedDoor_RejectsClosing_AndPausesIfSomeoneEntersDuringMotion" fullname="AiPeople.Tests.ApartmentDoorTests.OccupiedDoor_RejectsClosing_AndPausesIfSomeoneEntersDuringMotion" methodname="OccupiedDoor_RejectsClosing_AndPausesIfSomeoneEntersDuringMotion" classname="AiPeople.Tests.ApartmentDoorTests" runstate="Runnable" seed="65839329" result="Passed" start-time="2026-09-15 14:29:29Z" end-time="2026-09-15 14:29:31Z" duration="1.799923" asserts="0">
              <properties>
                <property name="_JOINTYPE" value="UnityCombinatorial" />
                <property name="retryIteration" value="0" />
                <property name="repeatIteration" value="0" />
              </properties>
              <output><![CDATA[Runtime furniture prefab loaded: SofaV2
Runtime furniture prefab loaded: StoolV2
Cannot combine mesh that does not allow access: tripo_node_07f62661
Cannot combine mesh that does not allow access: tripo_node_8d828bc1
]]></output>
            </test-case>
          </test-suite>
          <test-suite type="TestFixture" id="1011" name="ApartmentFurnishingTests" fullname="AiPeople.Tests.ApartmentFurnishingTests" classname="AiPeople.Tests.ApartmentFurnishingTests" runstate="Runnable" testcasecount="4" result="Passed" start-time="2026-09-15 14:29:31Z" end-time="2026-09-15 14:29:31Z" duration="0.433292" total="4" passed="4" failed="0" inconclusive="0" skipped="0" asserts="0">
            <properties />
            <test-case id="1014" name="EveryDoor_FullSweptArcAndPortal_RemainClearOfFurniture" fullname="AiPeople.Tests.ApartmentFurnishingTests.EveryDoor_FullSweptArcAndPortal_RemainClearOfFurniture" methodname="EveryDoor_FullSweptArcAndPortal_RemainClearOfFurniture" classname="AiPeople.Tests.ApartmentFurnishingTests" runstate="Runnable" seed="882775344" result="Passed" start-time="2026-09-15 14:29:31Z" end-time="2026-09-15 14:29:31Z" duration="0.066459" asserts="0">
              <properties>
                <property name="retryIteration" value="0" />
                <property name="repeatIteration" value="0" />
              </properties>
              <output><![CDATA[Runtime furniture prefab loaded: SofaV2
Runtime furniture prefab loaded: StoolV2
Cannot combine mesh that does not allow access: tripo_node_07f62661
Cannot combine mesh that does not allow access: tripo_node_8d828bc1
]]></output>
            </test-case>
            <test-case id="1012" name="FurnishedLayout_RetainsInteractions_Appliances_AndSeparateDiningArea" fullname="AiPeople.Tests.ApartmentFurnishingTests.FurnishedLayout_RetainsInteractions_Appliances_AndSeparateDiningArea" methodname="FurnishedLayout_RetainsInteractions_Appliances_AndSeparateDiningArea" classname="AiPeople.Tests.ApartmentFurnishingTests" runstate="Runnable" seed="1494125012" result="Passed" start-time="2026-09-15 14:29:31Z" end-time="2026-09-15 14:29:31Z" duration="0.066572" asserts="0">
              <properties>
                <property name="retryIteration" value="0" />
                <property name="repeatIteration" value="0" />
              </properties>
              <output><![CDATA[Runtime furniture prefab loaded: SofaV2
Runtime furniture prefab loaded: StoolV2
Cannot combine mesh that does not allow access: tripo_node_07f62661
Cannot combine mesh that does not allow access: tripo_node_8d828bc1
]]></output>
            </test-case>
            <test-case id="1013" name="FurnitureVolumes_DoNotPierceShell_AndExteriorStillBlocksAboveFurniture" fullname="AiPeople.Tests.ApartmentFurnishingTests.FurnitureVolumes_DoNotPierceShell_AndExteriorStillBlocksAboveFurniture" methodname="FurnitureVolumes_DoNotPierceShell_AndExteriorStillBlocksAboveFurniture" classname="AiPeople.Tests.ApartmentFurnishingTests" runstate="Runnable" seed="1628883074" result="Passed" start-time="2026-09-15 14:29:31Z" end-time="2026-09-15 14:29:31Z" duration="0.066532" asserts="0">
              <properties>
                <property name="retryIteration" value="0" />
                <property name="repeatIteration" value="0" />
              </properties>
              <output><![CDATA[Runtime furniture prefab loaded: SofaV2
Runtime furniture prefab loaded: StoolV2
Cannot combine mesh that does not allow access: tripo_node_07f62661
Cannot combine mesh that does not allow access: tripo_node_8d828bc1
]]></output>
            </test-case>
            <test-case id="1015" name="WorldTeardown_ReleasesGeneratedFurnitureMeshes" fullname="AiPeople.Tests.ApartmentFurnishingTests.WorldTeardown_ReleasesGeneratedFurnitureMeshes" methodname="WorldTeardown_ReleasesGeneratedFurnitureMeshes" classname="AiPeople.Tests.ApartmentFurnishingTests" runstate="Runnable" seed="223793081" result="Passed" start-time="2026-09-15 14:29:31Z" end-time="2026-09-15 14:29:31Z" duration="0.199941" asserts="0">
              <properties>
                <property name="_JOINTYPE" value="UnityCombinatorial" />
                <property name="retryIteration" value="0" />
                <property name="repeatIteration" value="0" />
              </properties>
              <output><![CDATA[Runtime furniture prefab loaded: SofaV2
Runtime furniture prefab loaded: StoolV2
Cannot combine mesh that does not allow access: tripo_node_07f62661
Cannot combine mesh that does not allow access: tripo_node_8d828bc1
]]></output>
            </test-case>
          </test-suite>
          <test-suite type="TestFixture" id="1016" name="ApartmentImportTests" fullname="AiPeople.Tests.ApartmentImportTests" classname="AiPeople.Tests.ApartmentImportTests" runstate="Runnable" testcasecount="3" result="Passed" start-time="2026-09-15 14:29:31Z" end-time="2026-09-15 14:29:37Z" duration="6.333284" total="3" passed="3" failed="0" inconclusive="0" skipped="0" asserts="0">
            <properties />
            <test-case id="1017" name="ImportedHouse_HasTexturedGeometry_ClearAnchors_AndConnectedRoutes" fullname="AiPeople.Tests.ApartmentImportTests.ImportedHouse_HasTexturedGeometry_ClearAnchors_AndConnectedRoutes" methodname="ImportedHouse_HasTexturedGeometry_ClearAnchors_AndConnectedRoutes" classname="AiPeople.Tests.ApartmentImportTests" runstate="Runnable" seed="1305344967" result="Passed" start-time="2026-09-15 14:29:31Z" end-time="2026-09-15 14:29:31Z" duration="0.133189" asserts="0">
              <properties>
                <property name="_JOINTYPE" value="UnityCombinatorial" />
                <property name="retryIteration" value="0" />
                <property name="repeatIteration" value="0" />
              </properties>
              <output><![CDATA[Runtime furniture prefab loaded: SofaV2
Runtime furniture prefab loaded: StoolV2
Cannot combine mesh that does not allow access: tripo_node_07f62661
Cannot combine mesh that does not allow access: tripo_node_8d828bc1
]]></output>
            </test-case>
            <test-case id="1018" name="Kitchen_PlayerCrossesDoorway_AndDirectorWalksIntoRoom" fullname="AiPeople.Tests.ApartmentImportTests.Kitchen_PlayerCrossesDoorway_AndDirectorWalksIntoRoom" methodname="Kitchen_PlayerCrossesDoorway_AndDirectorWalksIntoRoom" classname="AiPeople.Tests.ApartmentImportTests" runstate="Runnable" seed="1522398204" result="Passed" start-time="2026-09-15 14:29:31Z" end-time="2026-09-15 14:29:37Z" duration="6.033245" asserts="0">
              <properties>
                <property name="_JOINTYPE" value="UnityCombinatorial" />
                <property name="retryIteration" value="0" />
                <property name="repeatIteration" value="0" />
              </properties>
              <output><![CDATA[Runtime furniture prefab loaded: SofaV2
Runtime furniture prefab loaded: StoolV2
Cannot combine mesh that does not allow access: tripo_node_07f62661
Cannot combine mesh that does not allow access: tripo_node_8d828bc1
]]></output>
            </test-case>
            <test-case id="1019" name="TinyMovementSteps_CrossReconstructedFloorSeamsWithoutSticking" fullname="AiPeople.Tests.ApartmentImportTests.TinyMovementSteps_CrossReconstructedFloorSeamsWithoutSticking" methodname="TinyMovementSteps_CrossReconstructedFloorSeamsWithoutSticking" classname="AiPeople.Tests.ApartmentImportTests" runstate="Runnable" seed="1133848970" result="Passed" start-time="2026-09-15 14:29:37Z" end-time="2026-09-15 14:29:37Z" duration="0.133240" asserts="0">
              <properties>
                <property name="_JOINTYPE" value="UnityCombinatorial" />
                <property name="retryIteration" value="0" />
                <property name="repeatIteration" value="0" />
              </properties>
              <output><![CDATA[Runtime furniture prefab loaded: SofaV2
Runtime furniture prefab loaded: StoolV2
Cannot combine mesh that does not allow access: tripo_node_07f62661
Cannot combine mesh that does not allow access: tripo_node_8d828bc1
]]></output>
            </test-case>
          </test-suite>
          <test-suite type="TestFixture" id="1020" name="ApartmentTraversalTests" fullname="AiPeople.Tests.ApartmentTraversalTests" classname="AiPeople.Tests.ApartmentTraversalTests" runstate="Runnable" testcasecount="4" result="Passed" start-time="2026-09-15 14:29:37Z" end-time="2026-09-15 14:30:13Z" duration="35.433259" total="4" passed="4" failed="0" inconclusive="0" skipped="0" asserts="0">
            <properties />
            <test-case id="1023" name="ExteriorWallsWindowsAndBalcony_BlockEscape_WithoutFalling" fullname="AiPeople.Tests.ApartmentTraversalTests.ExteriorWallsWindowsAndBalcony_BlockEscape_WithoutFalling" methodname="ExteriorWallsWindowsAndBalcony_BlockEscape_WithoutFalling" classname="AiPeople.Tests.ApartmentTraversalTests" runstate="Runnable" seed="1563950596" result="Passed" start-time="2026-09-15 14:29:37Z" end-time="2026-09-15 14:29:38Z" duration="1.133198" asserts="0">
              <properties>
                <property name="_JOINTYPE" value="UnityCombinatorial" />
                <property name="retryIteration" value="0" />
                <property name="repeatIteration" value="0" />
              </properties>
              <output><![CDATA[Runtime furniture prefab loaded: SofaV2
Runtime furniture prefab loaded: StoolV2
Cannot combine mesh that does not allow access: tripo_node_07f62661
Cannot combine mesh that does not allow access: tripo_node_8d828bc1
PLAYER_ROUTE_OK Exterior approach 0 position=(-4.217, 0.044, -0.578)
BOUNDARY_OK index=0 stopped=(-4.380, 0.044, -0.578)
PLAYER_ROUTE_OK Exterior return 0 position=(-4.294, 0.044, -0.589)
PLAYER_ROUTE_OK Exterior approach 1 position=(-3.698, 0.082, 2.958)
BOUNDARY_OK index=1 stopped=(-4.160, 0.083, 2.958)
PLAYER_ROUTE_OK Exterior return 1 position=(-3.728, 0.082, 2.997)
PLAYER_ROUTE_OK Exterior approach 2 position=(-1.202, 0.074, 5.560)
BOUNDARY_OK index=2 stopped=(-1.202, 0.074, 5.684)
PLAYER_ROUTE_OK Exterior return 2 position=(-1.201, 0.075, 5.641)
PLAYER_ROUTE_OK Exterior approach 3 position=(0.301, 0.074, 4.755)
BOUNDARY_OK index=3 stopped=(0.301, 0.074, 4.873)
PLAYER_ROUTE_OK Exterior return 3 position=(0.301, 0.074, 4.830)
PLAYER_ROUTE_OK Exterior approach 4 position=(3.996, 0.074, 4.767)
BOUNDARY_OK index=4 stopped=(3.996, 0.074, 4.903)
PLAYER_ROUTE_OK Exterior return 4 position=(3.999, 0.074, 4.816)
PLAYER_ROUTE_OK Exterior approach 5 position=(4.590, 0.054, 2.416)
BOUNDARY_OK index=5 stopped=(5.058, 0.053, 2.416)
PLAYER_ROUTE_OK Exterior return 5 position=(4.625, 0.053, 2.401)
PLAYER_ROUTE_OK Exterior approach 6 position=(3.953, 0.006, -2.611)
BOUNDARY_OK index=6 stopped=(4.035, 0.006, -2.611)
PLAYER_ROUTE_OK Exterior return 6 position=(3.996, 0.005, -2.629)
PLAYER_ROUTE_OK Exterior approach 7 position=(4.000, -0.015, -4.145)
BOUNDARY_OK index=7 stopped=(3.997, -0.019, -4.430)
PLAYER_ROUTE_OK Exterior return 7 position=(4.000, -0.015, -4.214)
PLAYER_ROUTE_OK Exterior approach 8 position=(-3.058, -0.005, -3.961)
BOUNDARY_OK index=8 stopped=(-2.658, -0.015, -4.517)
PLAYER_ROUTE_OK Exterior return 8 position=(-3.039, -0.006, -4.005)
PLAYER_ROUTE_OK Exterior approach 9 position=(-2.684, -0.136, -5.745)
BOUNDARY_OK index=9 stopped=(-2.732, -0.136, -5.794)
PLAYER_ROUTE_OK Exterior return 9 position=(-2.732, -0.136, -5.794)
PLAYER_ROUTE_OK Exterior approach 10 position=(-0.046, -0.137, -5.751)
BOUNDARY_OK index=10 stopped=(-0.046, -0.143, -6.090)
PLAYER_ROUTE_OK Exterior return 10 position=(-0.005, -0.138, -5.789)
PLAYER_ROUTE_OK Exterior approach 11 position=(1.858, -0.137, -5.751)
BOUNDARY_OK index=11 stopped=(2.064, -0.110, -5.716)
PLAYER_ROUTE_OK Exterior return 11 position=(1.938, -0.137, -5.744)
PLAYER_ROUTE_OK Exterior approach 12 position=(-2.656, -0.136, -5.750)
BOUNDARY_OK index=12 stopped=(-2.935, -0.089, -5.729)
PLAYER_ROUTE_OK Exterior return 12 position=(-2.727, -0.136, -5.744)
PLAYER_ROUTE_OK Exterior approach 13 position=(1.866, -0.137, -5.750)
BOUNDARY_OK index=13 stopped=(2.065, -0.107, -5.730)
PLAYER_ROUTE_OK Exterior return 13 position=(1.938, -0.137, -5.744)
]]></output>
            </test-case>
            <test-case id="1022" name="Heroine_WalksEveryRouteWithoutObstacles_OrWritingLocationFacts" fullname="AiPeople.Tests.ApartmentTraversalTests.Heroine_WalksEveryRouteWithoutObstacles_OrWritingLocationFacts" methodname="Heroine_WalksEveryRouteWithoutObstacles_OrWritingLocationFacts" classname="AiPeople.Tests.ApartmentTraversalTests" runstate="Runnable" seed="1659970704" result="Passed" start-time="2026-09-15 14:29:38Z" end-time="2026-09-15 14:30:11Z" duration="32.800075" asserts="0">
              <properties>
                <property name="_JOINTYPE" value="UnityCombinatorial" />
                <property name="Timeout" value="240000" />
                <property name="retryIteration" value="0" />
                <property name="repeatIteration" value="0" />
              </properties>
              <output><![CDATA[Runtime furniture prefab loaded: SofaV2
Runtime furniture prefab loaded: StoolV2
Cannot combine mesh that does not allow access: tripo_node_07f62661
Cannot combine mesh that does not allow access: tripo_node_8d828bc1
HEROINE_ROUTE_OK Entry -> Living position=(-2.000, 0.009, -3.200)
HEROINE_ROUTE_OK Living -> Entry position=(-1.100, 0.059, 4.500)
HEROINE_ROUTE_OK Entry -> Kitchen position=(-3.400, 0.089, 3.200)
HEROINE_ROUTE_OK Kitchen -> Entry position=(-1.100, 0.059, 4.500)
HEROINE_ROUTE_OK Entry -> Master position=(0.300, 0.059, 2.500)
HEROINE_ROUTE_OK Master -> Entry position=(-1.100, 0.059, 4.500)
HEROINE_ROUTE_OK Entry -> Secondary position=(4.000, 0.063, 3.000)
HEROINE_ROUTE_OK Secondary -> Entry position=(-1.100, 0.059, 4.500)
HEROINE_ROUTE_OK Entry -> Bathroom position=(4.000, 0.022, -3.000)
HEROINE_ROUTE_OK Bathroom -> Entry position=(-1.100, 0.059, 4.500)
HEROINE_ROUTE_OK Entry -> Balcony position=(0.000, -0.135, -5.800)
HEROINE_ROUTE_OK Balcony -> Entry position=(-1.100, 0.059, 4.500)
HEROINE_ROUTE_OK Entry -> Hall position=(4.000, 0.050, -0.700)
HEROINE_ROUTE_OK Hall -> Entry position=(-1.100, 0.059, 4.500)
]]></output>
            </test-case>
            <test-case id="1024" name="InteriorPartitions_BlockDirectCrossing_ButAllowReturnToDoorway" fullname="AiPeople.Tests.ApartmentTraversalTests.InteriorPartitions_BlockDirectCrossing_ButAllowReturnToDoorway" methodname="InteriorPartitions_BlockDirectCrossing_ButAllowReturnToDoorway" classname="AiPeople.Tests.ApartmentTraversalTests" runstate="Runnable" seed="1114598766" result="Passed" start-time="2026-09-15 14:30:11Z" end-time="2026-09-15 14:30:12Z" duration="0.466410" asserts="0">
              <properties>
                <property name="_JOINTYPE" value="UnityCombinatorial" />
                <property name="retryIteration" value="0" />
                <property name="repeatIteration" value="0" />
              </properties>
              <output><![CDATA[Runtime furniture prefab loaded: SofaV2
Runtime furniture prefab loaded: StoolV2
Cannot combine mesh that does not allow access: tripo_node_07f62661
Cannot combine mesh that does not allow access: tripo_node_8d828bc1
PLAYER_ROUTE_OK Partition approach 0 position=(-1.110, 0.060, 3.027)
PLAYER_ROUTE_OK Partition return 0 position=(-1.103, 0.072, 4.483)
PARTITION_OK index=0
PLAYER_ROUTE_OK Partition approach 1 position=(1.265, 0.033, -0.584)
PLAYER_ROUTE_OK Partition return 1 position=(-1.100, 0.072, 4.484)
PARTITION_OK index=1
PLAYER_ROUTE_OK Partition approach 2 position=(2.059, 0.050, 1.976)
PLAYER_ROUTE_OK Partition return 2 position=(-1.100, 0.072, 4.456)
PARTITION_OK index=2
PLAYER_ROUTE_OK Partition approach 3 position=(2.319, 0.012, -2.966)
PLAYER_ROUTE_OK Partition return 3 position=(-1.100, 0.072, 4.458)
PARTITION_OK index=3
]]></output>
            </test-case>
            <test-case id="1021" name="Player_WalksFromEntranceToEveryRoom_AndReturns" fullname="AiPeople.Tests.ApartmentTraversalTests.Player_WalksFromEntranceToEveryRoom_AndReturns" methodname="Player_WalksFromEntranceToEveryRoom_AndReturns" classname="AiPeople.Tests.ApartmentTraversalTests" runstate="Runnable" seed="1900370567" result="Passed" start-time="2026-09-15 14:30:12Z" end-time="2026-09-15 14:30:13Z" duration="0.999878" asserts="0">
              <properties>
                <property name="_JOINTYPE" value="UnityCombinatorial" />
                <property name="retryIteration" value="0" />
                <property name="repeatIteration" value="0" />
              </properties>
              <output><![CDATA[Runtime furniture prefab loaded: SofaV2
Runtime furniture prefab loaded: StoolV2
Cannot combine mesh that does not allow access: tripo_node_07f62661
Cannot combine mesh that does not allow access: tripo_node_8d828bc1
PLAYER_ROUTE_OK Entry -> Living position=(-1.995, 0.011, -3.161)
PLAYER_ROUTE_OK Living -> Entry position=(-1.105, 0.072, 4.457)
PLAYER_ROUTE_OK Entry -> Kitchen position=(-3.402, 0.085, 3.182)
PLAYER_ROUTE_OK Kitchen -> Entry position=(-1.104, 0.072, 4.460)
PLAYER_ROUTE_OK Entry -> Master position=(0.319, 0.056, 2.458)
PLAYER_ROUTE_OK Master -> Entry position=(-1.100, 0.072, 4.462)
PLAYER_ROUTE_OK Entry -> Secondary position=(3.990, 0.062, 2.951)
PLAYER_ROUTE_OK Secondary -> Entry position=(-1.100, 0.072, 4.485)
PLAYER_ROUTE_OK Entry -> Bathroom position=(4.000, 0.003, -2.973)
PLAYER_ROUTE_OK Bathroom -> Entry position=(-1.100, 0.072, 4.482)
PLAYER_ROUTE_OK Entry -> Balcony position=(-0.005, -0.138, -5.785)
PLAYER_ROUTE_OK Balcony -> Entry position=(-1.100, 0.072, 4.482)
PLAYER_ROUTE_OK Entry -> Hall position=(3.988, 0.031, -0.699)
PLAYER_ROUTE_OK Hall -> Entry position=(-1.101, 0.072, 4.452)
PLAYER_ROUTE_OK Entry -> Master position=(0.319, 0.056, 2.460)
PLAYER_ROUTE_OK Master -> Secondary position=(3.995, 0.062, 2.973)
PLAYER_ROUTE_OK Secondary -> Bathroom position=(4.000, 0.003, -2.963)
PLAYER_ROUTE_OK Bathroom -> Balcony position=(-0.015, -0.137, -5.751)
]]></output>
            </test-case>
          </test-suite>
          <test-suite type="TestFixture" id="1025" name="ChatUiServerTests" fullname="AiPeople.Tests.ChatUiServerTests" classname="AiPeople.Tests.ChatUiServerTests" runstate="Runnable" testcasecount="1" result="Passed" start-time="2026-09-15 14:30:13Z" end-time="2026-09-15 14:30:14Z" duration="0.933369" total="1" passed="1" failed="0" inconclusive="0" skipped="0" asserts="0">
            <properties />
            <test-case id="1026" name="Ui_Endpoints_RoundTrip" fullname="AiPeople.Tests.ChatUiServerTests.Ui_Endpoints_RoundTrip" methodname="Ui_Endpoints_RoundTrip" classname="AiPeople.Tests.ChatUiServerTests" runstate="Runnable" seed="845471250" result="Passed" start-time="2026-09-15 14:30:13Z" end-time="2026-09-15 14:30:14Z" duration="0.899923" asserts="0">
              <properties>
                <property name="_JOINTYPE" value="UnityCombinatorial" />
                <property name="retryIteration" value="0" />
                <property name="repeatIteration" value="0" />
              </properties>
            </test-case>
          </test-suite>
          <test-suite type="TestFixture" id="1027" name="ChatWindowLatencyTests" fullname="AiPeople.Tests.ChatWindowLatencyTests" classname="AiPeople.Tests.ChatWindowLatencyTests" runstate="Runnable" testcasecount="2" result="Passed" start-time="2026-09-15 14:30:14Z" end-time="2026-09-15 14:30:14Z" duration="0.466507" total="2" passed="2" failed="0" inconclusive="0" skipped="0" asserts="0">
            <properties />
            <test-case id="1028" name="HiddenPoll_OpensWithoutReadingHistory" fullname="AiPeople.Tests.ChatWindowLatencyTests.HiddenPoll_OpensWithoutReadingHistory" methodname="HiddenPoll_OpensWithoutReadingHistory" classname="AiPeople.Tests.ChatWindowLatencyTests" runstate="Runnable" seed="2045996399" result="Passed" start-time="2026-09-15 14:30:14Z" end-time="2026-09-15 14:30:14Z" duration="0.166586" asserts="0">
              <properties>
                <property name="_JOINTYPE" value="UnityCombinatorial" />
                <property name="retryIteration" value="0" />
                <property name="repeatIteration" value="0" />
              </properties>
              <output><![CDATA[[AiPeople] 小窗已隐藏 utc=2026-09-15T14:30:14.3256442Z
[AiPeople] 小窗已显示 utc=2026-09-15T14:30:14.3575990Z
]]></output>
            </test-case>
            <test-case id="1029" name="Hide_IsImmediate_AndStaleResponseCannotReopen" fullname="AiPeople.Tests.ChatWindowLatencyTests.Hide_IsImmediate_AndStaleResponseCannotReopen" methodname="Hide_IsImmediate_AndStaleResponseCannotReopen" classname="AiPeople.Tests.ChatWindowLatencyTests" runstate="Runnable" seed="188578318" result="Passed" start-time="2026-09-15 14:30:14Z" end-time="2026-09-15 14:30:14Z" duration="0.266541" asserts="0">
              <properties>
                <property name="_JOINTYPE" value="UnityCombinatorial" />
                <property name="retryIteration" value="0" />
                <property name="repeatIteration" value="0" />
              </properties>
              <output><![CDATA[[AiPeople] 小窗已隐藏 utc=2026-09-15T14:30:14.5247749Z
[AiPeople] 小窗已显示 utc=2026-09-15T14:30:14.6239420Z
]]></output>
            </test-case>
          </test-suite>
          <test-suite type="TestFixture" id="1030" name="GameWorldTests" fullname="AiPeople.Tests.GameWorldTests" classname="AiPeople.Tests.GameWorldTests" runstate="Runnable" testcasecount="2" result="Passed" start-time="2026-09-15 14:30:14Z" end-time="2026-09-15 14:30:15Z" duration="1.066687" total="2" passed="2" failed="0" inconclusive="0" skipped="0" asserts="0">
            <properties />
            <test-case id="1032" name="Http_Server_Serves_Projection_And_Accepts_Actions" fullname="AiPeople.Tests.GameWorldTests.Http_Server_Serves_Projection_And_Accepts_Actions" methodname="Http_Server_Serves_Projection_And_Accepts_Actions" classname="AiPeople.Tests.GameWorldTests" runstate="Runnable" seed="50553780" result="Passed" start-time="2026-09-15 14:30:14Z" end-time="2026-09-15 14:30:15Z" duration="0.933240" asserts="0">
              <properties>
                <property name="_JOINTYPE" value="UnityCombinatorial" />
                <property name="retryIteration" value="0" />
                <property name="repeatIteration" value="0" />
              </properties>
            </test-case>
            <test-case id="1031" name="State_Machine_Enforces_Catalog_And_Produces_Effects" fullname="AiPeople.Tests.GameWorldTests.State_Machine_Enforces_Catalog_And_Produces_Effects" methodname="State_Machine_Enforces_Catalog_And_Produces_Effects" classname="AiPeople.Tests.GameWorldTests" runstate="Runnable" seed="1826335135" result="Passed" start-time="2026-09-15 14:30:15Z" end-time="2026-09-15 14:30:15Z" duration="0.099921" asserts="0">
              <properties>
                <property name="_JOINTYPE" value="UnityCombinatorial" />
                <property name="retryIteration" value="0" />
                <property name="repeatIteration" value="0" />
              </properties>
            </test-case>
          </test-suite>
          <test-suite type="TestFixture" id="1033" name="M2ResilienceTests" fullname="AiPeople.Tests.M2ResilienceTests" classname="AiPeople.Tests.M2ResilienceTests" runstate="Runnable" testcasecount="2" result="Passed" start-time="2026-09-15 14:30:15Z" end-time="2026-09-15 14:30:15Z" duration="0.033871" total="2" passed="2" failed="0" inconclusive="0" skipped="0" asserts="0">
            <properties />
            <test-case id="1035" name="SparseStatus_IsAcceptedForDisplayFallback" fullname="AiPeople.Tests.M2ResilienceTests.SparseStatus_IsAcceptedForDisplayFallback" methodname="SparseStatus_IsAcceptedForDisplayFallback" classname="AiPeople.Tests.M2ResilienceTests" runstate="Runnable" seed="1157500431" result="Passed" start-time="2026-09-15 14:30:15Z" end-time="2026-09-15 14:30:15Z" duration="0.000197" asserts="0">
              <properties>
                <property name="retryIteration" value="0" />
                <property name="repeatIteration" value="0" />
              </properties>
            </test-case>
            <test-case id="1034" name="StatusError_PreservesLastCommittedSnapshot" fullname="AiPeople.Tests.M2ResilienceTests.StatusError_PreservesLastCommittedSnapshot" methodname="StatusError_PreservesLastCommittedSnapshot" classname="AiPeople.Tests.M2ResilienceTests" runstate="Runnable" seed="535054499" result="Passed" start-time="2026-09-15 14:30:15Z" end-time="2026-09-15 14:30:15Z" duration="0.000278" asserts="0">
              <properties>
                <property name="retryIteration" value="0" />
                <property name="repeatIteration" value="0" />
              </properties>
            </test-case>
          </test-suite>
          <test-suite type="TestFixture" id="1036" name="RoomControlsTests" fullname="AiPeople.Tests.RoomControlsTests" classname="AiPeople.Tests.RoomControlsTests" runstate="Runnable" testcasecount="2" result="Passed" start-time="2026-09-15 14:30:15Z" end-time="2026-09-15 14:30:19Z" duration="3.866031" total="2" passed="2" failed="0" inconclusive="0" skipped="0" asserts="0">
            <properties />
            <test-case id="1037" name="RoomButton_ControlsActualDoor_ThroughMainThreadBridge" fullname="AiPeople.Tests.RoomControlsTests.RoomButton_ControlsActualDoor_ThroughMainThreadBridge" methodname="RoomButton_ControlsActualDoor_ThroughMainThreadBridge" classname="AiPeople.Tests.RoomControlsTests" runstate="Runnable" seed="1377514091" result="Passed" start-time="2026-09-15 14:30:15Z" end-time="2026-09-15 14:30:17Z" duration="1.633292" asserts="0">
              <properties>
                <property name="_JOINTYPE" value="UnityCombinatorial" />
                <property name="retryIteration" value="0" />
                <property name="repeatIteration" value="0" />
              </properties>
              <output><![CDATA[Runtime furniture prefab loaded: SofaV2
Runtime furniture prefab loaded: StoolV2
Cannot combine mesh that does not allow access: tripo_node_07f62661
Cannot combine mesh that does not allow access: tripo_node_8d828bc1
]]></output>
            </test-case>
            <test-case id="1038" name="RoomEndpoint_RejectsInvalidInput_AndDoesNotExecuteExpiredCommands" fullname="AiPeople.Tests.RoomControlsTests.RoomEndpoint_RejectsInvalidInput_AndDoesNotExecuteExpiredCommands" methodname="RoomEndpoint_RejectsInvalidInput_AndDoesNotExecuteExpiredCommands" classname="AiPeople.Tests.RoomControlsTests" runstate="Runnable" seed="1580243417" result="Passed" start-time="2026-09-15 14:30:17Z" end-time="2026-09-15 14:30:19Z" duration="2.199824" asserts="0">
              <properties>
                <property name="_JOINTYPE" value="UnityCombinatorial" />
                <property name="retryIteration" value="0" />
                <property name="repeatIteration" value="0" />
              </properties>
              <output><![CDATA[Runtime furniture prefab loaded: SofaV2
Runtime furniture prefab loaded: StoolV2
Cannot combine mesh that does not allow access: tripo_node_07f62661
Cannot combine mesh that does not allow access: tripo_node_8d828bc1
]]></output>
            </test-case>
          </test-suite>
          <test-suite type="TestFixture" id="1039" name="SceneAtmosphereTests" fullname="AiPeople.Tests.SceneAtmosphereTests" classname="AiPeople.Tests.SceneAtmosphereTests" runstate="Runnable" testcasecount="2" result="Passed" start-time="2026-09-15 14:30:19Z" end-time="2026-09-15 14:30:19Z" duration="0.100442" total="2" passed="2" failed="0" inconclusive="0" skipped="0" asserts="0">
            <properties />
            <test-case id="1041" name="InvalidTimeKeepsLastPresentationValue" fullname="AiPeople.Tests.SceneAtmosphereTests.InvalidTimeKeepsLastPresentationValue" methodname="InvalidTimeKeepsLastPresentationValue" classname="AiPeople.Tests.SceneAtmosphereTests" runstate="Runnable" seed="1596317730" result="Passed" start-time="2026-09-15 14:30:19Z" end-time="2026-09-15 14:30:19Z" duration="0.034839" asserts="0">
              <properties>
                <property name="retryIteration" value="0" />
                <property name="repeatIteration" value="0" />
              </properties>
              <output><![CDATA[[AiPeople] game_time 无法解析，氛围保持默认/上次值：unknown
]]></output>
            </test-case>
            <test-case id="1040" name="StatusTimeAndWeather_ProjectToPresentationOnly" fullname="AiPeople.Tests.SceneAtmosphereTests.StatusTimeAndWeather_ProjectToPresentationOnly" methodname="StatusTimeAndWeather_ProjectToPresentationOnly" classname="AiPeople.Tests.SceneAtmosphereTests" runstate="Runnable" seed="1786357863" result="Passed" start-time="2026-09-15 14:30:19Z" end-time="2026-09-15 14:30:19Z" duration="0.032172" asserts="0">
              <properties>
                <property name="retryIteration" value="0" />
                <property name="repeatIteration" value="0" />
              </properties>
            </test-case>
          </test-suite>
          <test-suite type="TestFixture" id="1042" name="ShellTests" fullname="AiPeople.Tests.ShellTests" classname="AiPeople.Tests.ShellTests" runstate="Runnable" testcasecount="7" result="Passed" start-time="2026-09-15 14:30:19Z" end-time="2026-09-15 14:30:20Z" duration="0.448063" total="7" passed="7" failed="0" inconclusive="0" skipped="0" asserts="0">
            <properties />
            <test-case id="1049" name="ChatEntryScene_DoesNotLoadApartmentOrCharacterAssets" fullname="AiPeople.Tests.ShellTests.ChatEntryScene_DoesNotLoadApartmentOrCharacterAssets" methodname="ChatEntryScene_DoesNotLoadApartmentOrCharacterAssets" classname="AiPeople.Tests.ShellTests" runstate="Runnable" seed="300906202" result="Passed" start-time="2026-09-15 14:30:19Z" end-time="2026-09-15 14:30:19Z" duration="0.002161" asserts="0">
              <properties>
                <property name="retryIteration" value="0" />
                <property name="repeatIteration" value="0" />
              </properties>
            </test-case>
            <test-case id="1047" name="Coverage_HandlesMaximizedBorders_Taskbar_AndOtherMonitors" fullname="AiPeople.Tests.ShellTests.Coverage_HandlesMaximizedBorders_Taskbar_AndOtherMonitors" methodname="Coverage_HandlesMaximizedBorders_Taskbar_AndOtherMonitors" classname="AiPeople.Tests.ShellTests" runstate="Runnable" seed="831120530" result="Passed" start-time="2026-09-15 14:30:19Z" end-time="2026-09-15 14:30:19Z" duration="0.001517" asserts="0">
              <properties>
                <property name="retryIteration" value="0" />
                <property name="repeatIteration" value="0" />
              </properties>
            </test-case>
            <test-case id="1048" name="CoveredWallpaper_PreservesCanvasAndCameraState_AndIdleCommandsWakeQuickly" fullname="AiPeople.Tests.ShellTests.CoveredWallpaper_PreservesCanvasAndCameraState_AndIdleCommandsWakeQuickly" methodname="CoveredWallpaper_PreservesCanvasAndCameraState_AndIdleCommandsWakeQuickly" classname="AiPeople.Tests.ShellTests" runstate="Runnable" seed="1929802039" result="Passed" start-time="2026-09-15 14:30:19Z" end-time="2026-09-15 14:30:19Z" duration="0.130169" asserts="0">
              <properties>
                <property name="_JOINTYPE" value="UnityCombinatorial" />
                <property name="retryIteration" value="0" />
                <property name="repeatIteration" value="0" />
              </properties>
            </test-case>
            <test-case id="1044" name="Hotkey_Parsing_Accepts_Common_Forms" fullname="AiPeople.Tests.ShellTests.Hotkey_Parsing_Accepts_Common_Forms" methodname="Hotkey_Parsing_Accepts_Common_Forms" classname="AiPeople.Tests.ShellTests" runstate="Runnable" seed="632691755" result="Passed" start-time="2026-09-15 14:30:19Z" end-time="2026-09-15 14:30:19Z" duration="0.002146" asserts="0">
              <properties>
                <property name="retryIteration" value="0" />
                <property name="repeatIteration" value="0" />
              </properties>
            </test-case>
            <test-case id="1046" name="Session_State_Toggles_And_Notifies" fullname="AiPeople.Tests.ShellTests.Session_State_Toggles_And_Notifies" methodname="Session_State_Toggles_And_Notifies" classname="AiPeople.Tests.ShellTests" runstate="Runnable" seed="1246812590" result="Passed" start-time="2026-09-15 14:30:19Z" end-time="2026-09-15 14:30:20Z" duration="0.164186" asserts="0">
              <properties>
                <property name="_JOINTYPE" value="UnityCombinatorial" />
                <property name="retryIteration" value="0" />
                <property name="repeatIteration" value="0" />
              </properties>
              <output><![CDATA[[AiPeople] 进入会话态：前景窗口=0x420442，本窗口=0x0
]]></output>
            </test-case>
            <test-case id="1045" name="Settings_RoundTrip" fullname="AiPeople.Tests.ShellTests.Settings_RoundTrip" methodname="Settings_RoundTrip" classname="AiPeople.Tests.ShellTests" runstate="Runnable" seed="268539069" result="Passed" start-time="2026-09-15 14:30:20Z" end-time="2026-09-15 14:30:20Z" duration="0.003355" asserts="0">
              <properties>
                <property name="retryIteration" value="0" />
                <property name="repeatIteration" value="0" />
              </properties>
            </test-case>
            <test-case id="1043" name="TrayRecovery_RepeatedSelectionNeverSavesNormalMode" fullname="AiPeople.Tests.ShellTests.TrayRecovery_RepeatedSelectionNeverSavesNormalMode" methodname="TrayRecovery_RepeatedSelectionNeverSavesNormalMode" classname="AiPeople.Tests.ShellTests" runstate="Runnable" seed="590749102" result="Passed" start-time="2026-09-15 14:30:20Z" end-time="2026-09-15 14:30:20Z" duration="0.111261" asserts="0">
              <properties>
                <property name="_JOINTYPE" value="UnityCombinatorial" />
                <property name="retryIteration" value="0" />
                <property name="repeatIteration" value="0" />
              </properties>
              <output><![CDATA[[AiPeople] 托盘请求恢复桌面壁纸
[AiPeople] 托盘请求恢复桌面壁纸
[AiPeople] 托盘请求恢复桌面壁纸
]]></output>
            </test-case>
          </test-suite>
          <test-suite type="TestFixture" id="1050" name="StubEndToEndTests" fullname="AiPeople.Tests.StubEndToEndTests" classname="AiPeople.Tests.StubEndToEndTests" runstate="Runnable" testcasecount="2" result="Passed" start-time="2026-09-15 14:30:20Z" end-time="2026-09-15 14:30:29Z" duration="9.232920" total="2" passed="2" failed="0" inconclusive="0" skipped="0" asserts="0">
            <properties />
            <test-case id="1051" name="Status_And_Streaming_Chat_Match_Contract" fullname="AiPeople.Tests.StubEndToEndTests.Status_And_Streaming_Chat_Match_Contract" methodname="Status_And_Streaming_Chat_Match_Contract" classname="AiPeople.Tests.StubEndToEndTests" runstate="Runnable" seed="2091764425" result="Passed" start-time="2026-09-15 14:30:20Z" end-time="2026-09-15 14:30:20Z" duration="0.400169" asserts="0">
              <properties>
                <property name="_JOINTYPE" value="UnityCombinatorial" />
                <property name="retryIteration" value="0" />
                <property name="repeatIteration" value="0" />
              </properties>
            </test-case>
            <test-case id="1052" name="Thirty_Turn_Loop_Without_Protocol_Errors" fullname="AiPeople.Tests.StubEndToEndTests.Thirty_Turn_Loop_Without_Protocol_Errors" methodname="Thirty_Turn_Loop_Without_Protocol_Errors" classname="AiPeople.Tests.StubEndToEndTests" runstate="Runnable" seed="1292396608" result="Passed" start-time="2026-09-15 14:30:20Z" end-time="2026-09-15 14:30:29Z" duration="8.799801" asserts="0">
              <properties>
                <property name="_JOINTYPE" value="UnityCombinatorial" />
                <property name="retryIteration" value="0" />
                <property name="repeatIteration" value="0" />
              </properties>
              <output><![CDATA[Saving results to: C:/Users/songa/AppData/LocalLow/AiPeople/CatGirlfriend\TestResults.xml
]]></output>
            </test-case>
          </test-suite>
        </test-suite>
      </test-suite>
    </test-suite>
  </test-suite>
</test-run>